<?xml version="1.0" encoding="UTF-8" ?>
<testsuites>
  <testsuite errors="0" failures="0" hostname="gb_macbookpro.clutch-inc.net" id="0" name="GeshiTests" package="" tests="1" time="2.295" timestamp="2009-12-23T22:26:36">
      <properties />

      <testcase classname="GeshiTests" name="testGeshi" time="2.294" />

      <system-out><![CDATA[--Output from testGeshi--
<pre class="php" style="font-family:monospace;"><span style="color: #b1b100;">echo</span> <span style="color: #0000ff;">'Hello, world!'</span><span style="color: #339933;">;</span></pre>
]]></system-out>

      <system-err><![CDATA[--Output from testGeshi--
Dec 23, 2009 5:26:37 PM com.caucho.quercus.Quercus parseServicesModule
INFO: Failed loading com.caucho.quercus.lib.MailModule
java.lang.NoClassDefFoundError: javax/mail/Address
]]></system-err>

  </testsuite>
</testsuites>
